C:\USERS\CISSE\DOCUMENTS\GITHUB\A-TEAM\TICTACTOE\WIN32\RELEASE\USER.OBJ
C:\USERS\CISSE\DOCUMENTS\GITHUB\A-TEAM\TICTACTOE\WIN32\RELEASE\RESETPASSWORD.OBJ
C:\USERS\CISSE\DOCUMENTS\GITHUB\A-TEAM\TICTACTOE\WIN32\RELEASE\MOC_RESETPASSWORD.OBJ
C:\USERS\CISSE\DOCUMENTS\GITHUB\A-TEAM\TICTACTOE\WIN32\RELEASE\MOC_REGISTRATIONSCENE.OBJ
C:\USERS\CISSE\DOCUMENTS\GITHUB\A-TEAM\TICTACTOE\WIN32\RELEASE\MOC_PLAYERGAMEOPTIONS.OBJ
C:\USERS\CISSE\DOCUMENTS\GITHUB\A-TEAM\TICTACTOE\WIN32\RELEASE\MOC_MAINTICTACTOE.OBJ
C:\USERS\CISSE\DOCUMENTS\GITHUB\A-TEAM\TICTACTOE\WIN32\RELEASE\MOC_LOGINSCENE.OBJ
C:\USERS\CISSE\DOCUMENTS\GITHUB\A-TEAM\TICTACTOE\WIN32\RELEASE\MOC_GAMEOPTION.OBJ
C:\USERS\CISSE\DOCUMENTS\GITHUB\A-TEAM\TICTACTOE\WIN32\RELEASE\MOC_GAMEMODE.OBJ
C:\USERS\CISSE\DOCUMENTS\GITHUB\A-TEAM\TICTACTOE\WIN32\RELEASE\MOC_DIFFICULTYLEVEL.OBJ
C:\USERS\CISSE\DOCUMENTS\GITHUB\A-TEAM\TICTACTOE\WIN32\RELEASE\REGISTRATIONSCENE.OBJ
C:\USERS\CISSE\DOCUMENTS\GITHUB\A-TEAM\TICTACTOE\WIN32\RELEASE\PLAYERGAMEOPTIONS.OBJ
C:\USERS\CISSE\DOCUMENTS\GITHUB\A-TEAM\TICTACTOE\WIN32\RELEASE\MAINTICTACTOE.OBJ
C:\USERS\CISSE\DOCUMENTS\GITHUB\A-TEAM\TICTACTOE\WIN32\RELEASE\MAIN.OBJ
C:\USERS\CISSE\DOCUMENTS\GITHUB\A-TEAM\TICTACTOE\WIN32\RELEASE\LOGINSCENE.OBJ
C:\USERS\CISSE\DOCUMENTS\GITHUB\A-TEAM\TICTACTOE\WIN32\RELEASE\GAMEOPTION.OBJ
C:\USERS\CISSE\DOCUMENTS\GITHUB\A-TEAM\TICTACTOE\WIN32\RELEASE\GAMEMODE.OBJ
C:\USERS\CISSE\DOCUMENTS\GITHUB\A-TEAM\TICTACTOE\WIN32\RELEASE\DIFFICULTYLEVEL.OBJ
C:\USERS\CISSE\DOCUMENTS\GITHUB\A-TEAM\TICTACTOE\WIN32\RELEASE\AICLASS.OBJ
C:\USERS\CISSE\DOCUMENTS\GITHUB\A-TEAM\TICTACTOE\WIN32\RELEASE\VC110.PDB
C:\USERS\CISSE\DOCUMENTS\GITHUB\A-TEAM\TICTACTOE\WIN32\RELEASE\QRC_RESOURCES.OBJ
C:\USERS\CISSE\DOCUMENTS\GITHUB\A-TEAM\TICTACTOE\RELEASE\MOC_DIFFICULTYLEVEL.CPP
C:\USERS\CISSE\DOCUMENTS\GITHUB\A-TEAM\TICTACTOE\RELEASE\MOC_GAMEMODE.CPP
C:\USERS\CISSE\DOCUMENTS\GITHUB\A-TEAM\TICTACTOE\RELEASE\MOC_GAMEOPTION.CPP
C:\USERS\CISSE\DOCUMENTS\GITHUB\A-TEAM\TICTACTOE\RELEASE\MOC_LOGINSCENE.CPP
C:\USERS\CISSE\DOCUMENTS\GITHUB\A-TEAM\TICTACTOE\RELEASE\MOC_MAINTICTACTOE.CPP
C:\USERS\CISSE\DOCUMENTS\GITHUB\A-TEAM\TICTACTOE\RELEASE\MOC_PLAYERGAMEOPTIONS.CPP
C:\USERS\CISSE\DOCUMENTS\GITHUB\A-TEAM\TICTACTOE\RELEASE\MOC_REGISTRATIONSCENE.CPP
C:\USERS\CISSE\DOCUMENTS\GITHUB\A-TEAM\TICTACTOE\RELEASE\MOC_RESETPASSWORD.CPP
C:\USERS\CISSE\DOCUMENTS\GITHUB\A-TEAM\TICTACTOE\GENERATEDFILES\UI_DIFFICULTYLEVEL.H
C:\USERS\CISSE\DOCUMENTS\GITHUB\A-TEAM\TICTACTOE\GENERATEDFILES\UI_GAMEMODE.H
C:\USERS\CISSE\DOCUMENTS\GITHUB\A-TEAM\TICTACTOE\GENERATEDFILES\UI_GAMEOPTION.H
C:\USERS\CISSE\DOCUMENTS\GITHUB\A-TEAM\TICTACTOE\GENERATEDFILES\UI_LOGINSCENE.H
C:\USERS\CISSE\DOCUMENTS\GITHUB\A-TEAM\TICTACTOE\GENERATEDFILES\UI_MAINTICTACTOE.H
C:\USERS\CISSE\DOCUMENTS\GITHUB\A-TEAM\TICTACTOE\GENERATEDFILES\UI_PLAYERGAMEOPTIONS.H
C:\USERS\CISSE\DOCUMENTS\GITHUB\A-TEAM\TICTACTOE\GENERATEDFILES\UI_REGISTRATIONSCENE.H
C:\USERS\CISSE\DOCUMENTS\GITHUB\A-TEAM\TICTACTOE\GENERATEDFILES\UI_RESETPASSWORD.H
C:\USERS\CISSE\DOCUMENTS\GITHUB\A-TEAM\TICTACTOE\GENERATEDFILES\QRC_RESOURCES.CPP
C:\USERS\CISSE\DOCUMENTS\GITHUB\A-TEAM\TICTACTOE\RELEASE\TICTACTOE.EXE
C:\Users\cisse\Documents\GitHub\A-Team\TicTacToe\Win32\Release\aiclass.obj
C:\Users\cisse\Documents\GitHub\A-Team\TicTacToe\Win32\Release\difficultylevel.obj
C:\Users\cisse\Documents\GitHub\A-Team\TicTacToe\Win32\Release\gamemode.obj
C:\Users\cisse\Documents\GitHub\A-Team\TicTacToe\Win32\Release\gameoption.obj
C:\Users\cisse\Documents\GitHub\A-Team\TicTacToe\Win32\Release\loginscene.obj
C:\Users\cisse\Documents\GitHub\A-Team\TicTacToe\Win32\Release\main.obj
C:\Users\cisse\Documents\GitHub\A-Team\TicTacToe\Win32\Release\maintictactoe.obj
C:\Users\cisse\Documents\GitHub\A-Team\TicTacToe\Win32\Release\moc_difficultylevel.obj
C:\Users\cisse\Documents\GitHub\A-Team\TicTacToe\Win32\Release\moc_gamemode.obj
C:\Users\cisse\Documents\GitHub\A-Team\TicTacToe\Win32\Release\moc_gameoption.obj
C:\Users\cisse\Documents\GitHub\A-Team\TicTacToe\Win32\Release\moc_loginscene.obj
C:\Users\cisse\Documents\GitHub\A-Team\TicTacToe\Win32\Release\moc_maintictactoe.obj
C:\Users\cisse\Documents\GitHub\A-Team\TicTacToe\Win32\Release\moc_playergameoptions.obj
C:\Users\cisse\Documents\GitHub\A-Team\TicTacToe\Win32\Release\moc_registrationscene.obj
C:\Users\cisse\Documents\GitHub\A-Team\TicTacToe\Win32\Release\moc_resetpassword.obj
C:\Users\cisse\Documents\GitHub\A-Team\TicTacToe\Win32\Release\playergameoptions.obj
C:\Users\cisse\Documents\GitHub\A-Team\TicTacToe\Win32\Release\qrc_resources.obj
C:\Users\cisse\Documents\GitHub\A-Team\TicTacToe\Win32\Release\registrationscene.obj
C:\Users\cisse\Documents\GitHub\A-Team\TicTacToe\Win32\Release\resetpassword.obj
C:\Users\cisse\Documents\GitHub\A-Team\TicTacToe\Win32\Release\user.obj
C:\Users\cisse\Documents\GitHub\A-Team\TicTacToe\Win32\Release\cl.command.1.tlog
C:\Users\cisse\Documents\GitHub\A-Team\TicTacToe\Win32\Release\CL.read.1.tlog
C:\Users\cisse\Documents\GitHub\A-Team\TicTacToe\Win32\Release\CL.write.1.tlog
C:\Users\cisse\Documents\GitHub\A-Team\TicTacToe\Win32\Release\custombuild.command.1.tlog
C:\Users\cisse\Documents\GitHub\A-Team\TicTacToe\Win32\Release\custombuild.read.1.tlog
C:\Users\cisse\Documents\GitHub\A-Team\TicTacToe\Win32\Release\custombuild.write.1.tlog
C:\Users\cisse\Documents\GitHub\A-Team\TicTacToe\Win32\Release\link-cvtres.read.1.tlog
C:\Users\cisse\Documents\GitHub\A-Team\TicTacToe\Win32\Release\link-cvtres.write.1.tlog
C:\Users\cisse\Documents\GitHub\A-Team\TicTacToe\Win32\Release\link-rc.read.1.tlog
C:\Users\cisse\Documents\GitHub\A-Team\TicTacToe\Win32\Release\link-rc.write.1.tlog
C:\Users\cisse\Documents\GitHub\A-Team\TicTacToe\Win32\Release\link.command.1.tlog
C:\Users\cisse\Documents\GitHub\A-Team\TicTacToe\Win32\Release\link.read.1.tlog
C:\Users\cisse\Documents\GitHub\A-Team\TicTacToe\Win32\Release\link.write.1.tlog
C:\Users\cisse\Documents\GitHub\A-Team\TicTacToe\release\TicTacToe.exe
