Build started 4/30/2016 3:07:56 PM.
     1>Project "C:\Users\cisse\Documents\GitHub\A-Team\TicTacToe\TicTacToe.vcxproj" on node 2 (Build target(s)).
     1>ClCompile:
         C:\Program Files (x86)\Microsoft Visual Studio 11.0\VC\bin\CL.exe /c /I. /IC:\Qt\5.4\msvc2012_opengl\include /IC:\Qt\5.4\msvc2012_opengl\include\QtWidgets /IC:\Qt\5.4\msvc2012_opengl\include\QtGui /IC:\Qt\5.4\msvc2012_opengl\include\QtSql /IC:\Qt\5.4\msvc2012_opengl\include\QtCore /Idebug /I. /I"C:\Qt\5.4\msvc2012_opengl\mkspecs\win32-msvc2012" /I.\GeneratedFiles /Zi /nologo /W3 /WX- /Od /Oy- /D _WINDOWS /D UNICODE /D WIN32 /D QT_WIDGETS_LIB /D QT_GUI_LIB /D QT_SQL_LIB /D QT_CORE_LIB /Gm- /EHsc /MDd /GS /fp:precise /Zc:wchar_t /Zc:forScope /GR /Fo"Win32\Debug\\" /Fd"Win32\Debug\vc110.pdb" /Gd /TP /analyze- /errorReport:prompt -Zm200 -w34100 -w34189 difficultylevel.cpp
         difficultylevel.cpp
       Link:
         C:\Program Files (x86)\Microsoft Visual Studio 11.0\VC\bin\link.exe /ERRORREPORT:PROMPT /OUT:"debug\\TicTacToe.exe" /NOLOGO /LIBPATH:C:\Qt\5.4\msvc2012_opengl\lib /LIBPATH:C:\Qt\5.4\msvc2012_opengl\lib /LIBPATH:C:\Qt\5.4\msvc2012_opengl\lib glu32.lib opengl32.lib gdi32.lib user32.lib C:\Qt\5.4\msvc2012_opengl\lib\qtmaind.lib shell32.lib C:\Qt\5.4\msvc2012_opengl\lib\Qt5Cored.lib C:\Qt\5.4\msvc2012_opengl\lib\Qt5Widgetsd.lib C:\Qt\5.4\msvc2012_opengl\lib\Qt5Guid.lib C:\Qt\5.4\msvc2012_opengl\lib\Qt5Sqld.lib C:\Qt\5.4\msvc2012_opengl\lib\Qt5Cored.lib kernel32.lib user32.lib gdi32.lib winspool.lib comdlg32.lib advapi32.lib shell32.lib ole32.lib oleaut32.lib uuid.lib odbc32.lib odbccp32.lib /MANIFEST /MANIFESTUAC:"level='asInvoker' uiAccess='false'" /manifest:embed /DEBUG /PDB:"debug\TicTacToe.pdb" /SUBSYSTEM:WINDOWS /TLBID:1 /DYNAMICBASE /NXCOMPAT /MACHINE:X86 /SAFESEH "/MANIFESTDEPENDENCY:type='win32' name='Microsoft.Windows.Common-Controls' version='6.0.0.0' publicKeyToken='6595b64144ccf1df' language='*' processorArchitecture='*'" Win32\Debug\aiclass.obj
         Win32\Debug\moc_difficultylevel.obj
         Win32\Debug\moc_gamemode.obj
         Win32\Debug\moc_gameoption.obj
         Win32\Debug\moc_loginscene.obj
         Win32\Debug\moc_maintictactoe.obj
         Win32\Debug\moc_playergameoptions.obj
         Win32\Debug\moc_registrationscene.obj
         Win32\Debug\moc_resetpassword.obj
         Win32\Debug\difficultylevel.obj
         Win32\Debug\gamemode.obj
         Win32\Debug\gameoption.obj
         Win32\Debug\qrc_resources.obj
         Win32\Debug\loginscene.obj
         Win32\Debug\main.obj
         Win32\Debug\maintictactoe.obj
         Win32\Debug\playergameoptions.obj
         Win32\Debug\registrationscene.obj
         Win32\Debug\resetpassword.obj
         Win32\Debug\user.obj
         TicTacToe.vcxproj -> C:\Users\cisse\Documents\GitHub\A-Team\TicTacToe\debug\TicTacToe.exe
     1>Done Building Project "C:\Users\cisse\Documents\GitHub\A-Team\TicTacToe\TicTacToe.vcxproj" (Build target(s)).

Build succeeded.

Time Elapsed 00:00:10.47
