C:\USERS\CISSE\DOCUMENTS\GITHUB\A-TEAM\TICTACTOE\WIN32\DEBUG\USER.OBJ
C:\USERS\CISSE\DOCUMENTS\GITHUB\A-TEAM\TICTACTOE\WIN32\DEBUG\RESETPASSWORD.OBJ
C:\USERS\CISSE\DOCUMENTS\GITHUB\A-TEAM\TICTACTOE\WIN32\DEBUG\REGISTRATIONSCENE.OBJ
C:\USERS\CISSE\DOCUMENTS\GITHUB\A-TEAM\TICTACTOE\WIN32\DEBUG\PLAYERGAMEOPTIONS.OBJ
C:\USERS\CISSE\DOCUMENTS\GITHUB\A-TEAM\TICTACTOE\WIN32\DEBUG\MAINTICTACTOE.OBJ
C:\USERS\CISSE\DOCUMENTS\GITHUB\A-TEAM\TICTACTOE\WIN32\DEBUG\MAIN.OBJ
C:\USERS\CISSE\DOCUMENTS\GITHUB\A-TEAM\TICTACTOE\WIN32\DEBUG\LOGINSCENE.OBJ
C:\USERS\CISSE\DOCUMENTS\GITHUB\A-TEAM\TICTACTOE\WIN32\DEBUG\GAMEOPTION.OBJ
C:\USERS\CISSE\DOCUMENTS\GITHUB\A-TEAM\TICTACTOE\WIN32\DEBUG\GAMEMODE.OBJ
C:\USERS\CISSE\DOCUMENTS\GITHUB\A-TEAM\TICTACTOE\WIN32\DEBUG\DIFFICULTYLEVEL.OBJ
C:\USERS\CISSE\DOCUMENTS\GITHUB\A-TEAM\TICTACTOE\WIN32\DEBUG\MOC_RESETPASSWORD.OBJ
C:\USERS\CISSE\DOCUMENTS\GITHUB\A-TEAM\TICTACTOE\WIN32\DEBUG\MOC_REGISTRATIONSCENE.OBJ
C:\USERS\CISSE\DOCUMENTS\GITHUB\A-TEAM\TICTACTOE\WIN32\DEBUG\MOC_PLAYERGAMEOPTIONS.OBJ
C:\USERS\CISSE\DOCUMENTS\GITHUB\A-TEAM\TICTACTOE\WIN32\DEBUG\MOC_MAINTICTACTOE.OBJ
C:\USERS\CISSE\DOCUMENTS\GITHUB\A-TEAM\TICTACTOE\WIN32\DEBUG\MOC_LOGINSCENE.OBJ
C:\USERS\CISSE\DOCUMENTS\GITHUB\A-TEAM\TICTACTOE\WIN32\DEBUG\MOC_GAMEOPTION.OBJ
C:\USERS\CISSE\DOCUMENTS\GITHUB\A-TEAM\TICTACTOE\WIN32\DEBUG\MOC_GAMEMODE.OBJ
C:\USERS\CISSE\DOCUMENTS\GITHUB\A-TEAM\TICTACTOE\WIN32\DEBUG\MOC_DIFFICULTYLEVEL.OBJ
C:\USERS\CISSE\DOCUMENTS\GITHUB\A-TEAM\TICTACTOE\WIN32\DEBUG\AICLASS.OBJ
C:\USERS\CISSE\DOCUMENTS\GITHUB\A-TEAM\TICTACTOE\WIN32\DEBUG\VC110.PDB
C:\USERS\CISSE\DOCUMENTS\GITHUB\A-TEAM\TICTACTOE\WIN32\DEBUG\QRC_RESOURCES.OBJ
C:\USERS\CISSE\DOCUMENTS\GITHUB\A-TEAM\TICTACTOE\DEBUG\MOC_DIFFICULTYLEVEL.CPP
C:\USERS\CISSE\DOCUMENTS\GITHUB\A-TEAM\TICTACTOE\DEBUG\MOC_GAMEMODE.CPP
C:\USERS\CISSE\DOCUMENTS\GITHUB\A-TEAM\TICTACTOE\DEBUG\MOC_GAMEOPTION.CPP
C:\USERS\CISSE\DOCUMENTS\GITHUB\A-TEAM\TICTACTOE\DEBUG\MOC_LOGINSCENE.CPP
C:\USERS\CISSE\DOCUMENTS\GITHUB\A-TEAM\TICTACTOE\DEBUG\MOC_MAINTICTACTOE.CPP
C:\USERS\CISSE\DOCUMENTS\GITHUB\A-TEAM\TICTACTOE\DEBUG\MOC_PLAYERGAMEOPTIONS.CPP
C:\USERS\CISSE\DOCUMENTS\GITHUB\A-TEAM\TICTACTOE\DEBUG\MOC_REGISTRATIONSCENE.CPP
C:\USERS\CISSE\DOCUMENTS\GITHUB\A-TEAM\TICTACTOE\DEBUG\MOC_RESETPASSWORD.CPP
C:\USERS\CISSE\DOCUMENTS\GITHUB\A-TEAM\TICTACTOE\GENERATEDFILES\UI_DIFFICULTYLEVEL.H
C:\USERS\CISSE\DOCUMENTS\GITHUB\A-TEAM\TICTACTOE\GENERATEDFILES\UI_GAMEMODE.H
C:\USERS\CISSE\DOCUMENTS\GITHUB\A-TEAM\TICTACTOE\GENERATEDFILES\UI_GAMEOPTION.H
C:\USERS\CISSE\DOCUMENTS\GITHUB\A-TEAM\TICTACTOE\GENERATEDFILES\UI_LOGINSCENE.H
C:\USERS\CISSE\DOCUMENTS\GITHUB\A-TEAM\TICTACTOE\GENERATEDFILES\UI_MAINTICTACTOE.H
C:\USERS\CISSE\DOCUMENTS\GITHUB\A-TEAM\TICTACTOE\GENERATEDFILES\UI_PLAYERGAMEOPTIONS.H
C:\USERS\CISSE\DOCUMENTS\GITHUB\A-TEAM\TICTACTOE\GENERATEDFILES\UI_REGISTRATIONSCENE.H
C:\USERS\CISSE\DOCUMENTS\GITHUB\A-TEAM\TICTACTOE\GENERATEDFILES\UI_RESETPASSWORD.H
C:\USERS\CISSE\DOCUMENTS\GITHUB\A-TEAM\TICTACTOE\GENERATEDFILES\QRC_RESOURCES.CPP
C:\USERS\CISSE\DOCUMENTS\GITHUB\A-TEAM\TICTACTOE\DEBUG\TICTACTOE.ILK
C:\USERS\CISSE\DOCUMENTS\GITHUB\A-TEAM\TICTACTOE\DEBUG\TICTACTOE.EXE
C:\USERS\CISSE\DOCUMENTS\GITHUB\A-TEAM\TICTACTOE\DEBUG\TICTACTOE.PDB
C:\Users\cisse\Documents\GitHub\A-Team\TicTacToe\Win32\Debug\aiclass.obj
C:\Users\cisse\Documents\GitHub\A-Team\TicTacToe\Win32\Debug\difficultylevel.obj
C:\Users\cisse\Documents\GitHub\A-Team\TicTacToe\Win32\Debug\gamemode.obj
C:\Users\cisse\Documents\GitHub\A-Team\TicTacToe\Win32\Debug\gameoption.obj
C:\Users\cisse\Documents\GitHub\A-Team\TicTacToe\Win32\Debug\loginscene.obj
C:\Users\cisse\Documents\GitHub\A-Team\TicTacToe\Win32\Debug\main.obj
C:\Users\cisse\Documents\GitHub\A-Team\TicTacToe\Win32\Debug\maintictactoe.obj
C:\Users\cisse\Documents\GitHub\A-Team\TicTacToe\Win32\Debug\moc_difficultylevel.obj
C:\Users\cisse\Documents\GitHub\A-Team\TicTacToe\Win32\Debug\moc_gamemode.obj
C:\Users\cisse\Documents\GitHub\A-Team\TicTacToe\Win32\Debug\moc_gameoption.obj
C:\Users\cisse\Documents\GitHub\A-Team\TicTacToe\Win32\Debug\moc_loginscene.obj
C:\Users\cisse\Documents\GitHub\A-Team\TicTacToe\Win32\Debug\moc_maintictactoe.obj
C:\Users\cisse\Documents\GitHub\A-Team\TicTacToe\Win32\Debug\moc_playergameoptions.obj
C:\Users\cisse\Documents\GitHub\A-Team\TicTacToe\Win32\Debug\moc_registrationscene.obj
C:\Users\cisse\Documents\GitHub\A-Team\TicTacToe\Win32\Debug\moc_resetpassword.obj
C:\Users\cisse\Documents\GitHub\A-Team\TicTacToe\Win32\Debug\playergameoptions.obj
C:\Users\cisse\Documents\GitHub\A-Team\TicTacToe\Win32\Debug\qrc_resources.obj
C:\Users\cisse\Documents\GitHub\A-Team\TicTacToe\Win32\Debug\registrationscene.obj
C:\Users\cisse\Documents\GitHub\A-Team\TicTacToe\Win32\Debug\resetpassword.obj
C:\Users\cisse\Documents\GitHub\A-Team\TicTacToe\Win32\Debug\user.obj
C:\Users\cisse\Documents\GitHub\A-Team\TicTacToe\Win32\Debug\cl.command.1.tlog
C:\Users\cisse\Documents\GitHub\A-Team\TicTacToe\Win32\Debug\CL.read.1.tlog
C:\Users\cisse\Documents\GitHub\A-Team\TicTacToe\Win32\Debug\CL.write.1.tlog
C:\Users\cisse\Documents\GitHub\A-Team\TicTacToe\Win32\Debug\custombuild.command.1.tlog
C:\Users\cisse\Documents\GitHub\A-Team\TicTacToe\Win32\Debug\custombuild.read.1.tlog
C:\Users\cisse\Documents\GitHub\A-Team\TicTacToe\Win32\Debug\custombuild.write.1.tlog
C:\Users\cisse\Documents\GitHub\A-Team\TicTacToe\Win32\Debug\link.command.1.tlog
C:\Users\cisse\Documents\GitHub\A-Team\TicTacToe\Win32\Debug\link.read.1.tlog
C:\Users\cisse\Documents\GitHub\A-Team\TicTacToe\Win32\Debug\link.write.1.tlog
C:\Users\cisse\Documents\GitHub\A-Team\TicTacToe\Win32\Debug\vc110.pdb
C:\Users\cisse\Documents\GitHub\A-Team\TicTacToe\debug\TicTacToe.exe
