Build started 4/18/2016 8:14:44 AM.
     1>Project "C:\Users\cisse\Documents\GitHub\A-Team\TicTacToe\TicTacToe.vcxproj" on node 2 (Rebuild target(s)).
     1>CustomBuild:
         Moc'ing difficultylevel.h...
         Moc'ing gamemode.h...
         Moc'ing gameoption.h...
         Moc'ing loginscene.h...
         Moc'ing maintictactoe.h...
         Moc'ing playergameoptions.h...
         Moc'ing registrationscene.h...
         Moc'ing resetpassword.h...
         Uic'ing difficultylevel.ui...
         Uic'ing gameboard.ui...
         Uic'ing gamemode.ui...
         Uic'ing gameoption.ui...
         Uic'ing loginscene.ui...
         Uic'ing maintictactoe.ui...
         Uic'ing playergameoptions.ui...
         Uic'ing registrationscene.ui...
         Uic'ing resetpassword.ui...
         Rcc'ing resources.qrc...
     1>C:\Program Files (x86)\MSBuild\Microsoft.Cpp\v4.0\V110\Microsoft.CppCommon.targets(172,5): error MSB6006: "cmd.exe" exited with code -1073741515.
     1>Done Building Project "C:\Users\cisse\Documents\GitHub\A-Team\TicTacToe\TicTacToe.vcxproj" (Rebuild target(s)) -- FAILED.

Build FAILED.

Time Elapsed 00:00:12.31
